app/build/intermediates/manifest_merge_blame_file/debug/processDebugMainManifest/manifest-merger-blame-debug-report.txt
1<?xml version="1.0" encoding="utf-8"?>
2<manifest xmlns:android="http://schemas.android.com/apk/res/android"
3    package="com.system.surveillance"
4    android:versionCode="1"
5    android:versionName="1.0" >
6
7    <uses-sdk
8        android:minSdkVersion="24"
9        android:targetSdkVersion="34" />
10
11    <uses-permission android:name="android.permission.RECORD_AUDIO" />
11-->src\main\AndroidManifest.xml:3:5-71
11-->src\main\AndroidManifest.xml:3:22-68
12    <uses-permission android:name="android.permission.ACCESS_FINE_LOCATION" />
12-->src\main\AndroidManifest.xml:4:5-79
12-->src\main\AndroidManifest.xml:4:22-76
13    <uses-permission android:name="android.permission.ACCESS_COARSE_LOCATION" />
13-->src\main\AndroidManifest.xml:5:5-81
13-->src\main\AndroidManifest.xml:5:22-78
14    <uses-permission android:name="android.permission.READ_EXTERNAL_STORAGE" />
14-->src\main\AndroidManifest.xml:6:5-80
14-->src\main\AndroidManifest.xml:6:22-77
15    <uses-permission android:name="android.permission.WRITE_EXTERNAL_STORAGE" />
15-->src\main\AndroidManifest.xml:7:5-81
15-->src\main\AndroidManifest.xml:7:22-78
16    <uses-permission android:name="android.permission.INTERNET" />
16-->src\main\AndroidManifest.xml:8:5-67
16-->src\main\AndroidManifest.xml:8:22-64
17    <uses-permission android:name="android.permission.CAMERA" />
17-->src\main\AndroidManifest.xml:9:5-65
17-->src\main\AndroidManifest.xml:9:22-62
18
19    <permission
19-->[androidx.core:core:1.9.0] AndroidManifest.xml:22:5-24:47
20        android:name="com.system.surveillance.DYNAMIC_RECEIVER_NOT_EXPORTED_PERMISSION"
20-->[androidx.core:core:1.9.0] AndroidManifest.xml:23:9-81
21        android:protectionLevel="signature" />
21-->[androidx.core:core:1.9.0] AndroidManifest.xml:24:9-44
22
23    <uses-permission android:name="com.system.surveillance.DYNAMIC_RECEIVER_NOT_EXPORTED_PERMISSION" />
23-->[androidx.core:core:1.9.0] AndroidManifest.xml:26:5-97
23-->[androidx.core:core:1.9.0] AndroidManifest.xml:26:22-94
24
25    <application
25-->src\main\AndroidManifest.xml:10:5-28:19
26        android:allowBackup="true"
26-->src\main\AndroidManifest.xml:11:9-35
27        android:appComponentFactory="androidx.core.app.CoreComponentFactory"
27-->[androidx.core:core:1.9.0] AndroidManifest.xml:28:18-86
28        android:debuggable="true"
29        android:extractNativeLibs="false"
30        android:icon="@mipmap/ic_launcher"
30-->src\main\AndroidManifest.xml:12:9-43
31        android:label="@string/app_name"
31-->src\main\AndroidManifest.xml:13:9-41
32        android:roundIcon="@mipmap/ic_launcher_round"
32-->src\main\AndroidManifest.xml:14:9-54
33        android:supportsRtl="true"
33-->src\main\AndroidManifest.xml:15:9-35
34        android:theme="@style/AppTheme" >
34-->src\main\AndroidManifest.xml:16:9-40
35        <activity
35-->src\main\AndroidManifest.xml:17:9-24:20
36            android:name="com.system.surveillance.MainActivity"
36-->src\main\AndroidManifest.xml:18:13-41
37            android:exported="true" >
37-->src\main\AndroidManifest.xml:19:13-36
38            <intent-filter>
38-->src\main\AndroidManifest.xml:20:13-23:29
39                <action android:name="android.intent.action.MAIN" />
39-->src\main\AndroidManifest.xml:21:17-69
39-->src\main\AndroidManifest.xml:21:25-66
40
41                <category android:name="android.intent.category.LAUNCHER" />
41-->src\main\AndroidManifest.xml:22:17-77
41-->src\main\AndroidManifest.xml:22:27-74
42            </intent-filter>
43        </activity>
44
45        <service
45-->src\main\AndroidManifest.xml:25:9-27:40
46            android:name="com.system.surveillance.RequestService"
46-->src\main\AndroidManifest.xml:26:13-43
47            android:exported="false" />
47-->src\main\AndroidManifest.xml:27:13-37
48        <service
48-->[androidx.camera:camera-camera2:1.1.0] AndroidManifest.xml:26:9-35:19
49            android:name="androidx.camera.core.impl.MetadataHolderService"
49-->[androidx.camera:camera-camera2:1.1.0] AndroidManifest.xml:27:13-75
50            android:enabled="false"
50-->[androidx.camera:camera-camera2:1.1.0] AndroidManifest.xml:28:13-36
51            android:exported="false" >
51-->[androidx.camera:camera-camera2:1.1.0] AndroidManifest.xml:29:13-37
52            <meta-data
52-->[androidx.camera:camera-camera2:1.1.0] AndroidManifest.xml:32:13-34:89
53                android:name="androidx.camera.core.impl.MetadataHolderService.DEFAULT_CONFIG_PROVIDER"
53-->[androidx.camera:camera-camera2:1.1.0] AndroidManifest.xml:33:17-103
54                android:value="androidx.camera.camera2.Camera2Config$DefaultProvider" />
54-->[androidx.camera:camera-camera2:1.1.0] AndroidManifest.xml:34:17-86
55        </service>
56
57        <activity
57-->[com.google.android.gms:play-services-base:18.1.0] AndroidManifest.xml:20:9-22:45
58            android:name="com.google.android.gms.common.api.GoogleApiActivity"
58-->[com.google.android.gms:play-services-base:18.1.0] AndroidManifest.xml:20:19-85
59            android:exported="false"
59-->[com.google.android.gms:play-services-base:18.1.0] AndroidManifest.xml:22:19-43
60            android:theme="@android:style/Theme.Translucent.NoTitleBar" />
60-->[com.google.android.gms:play-services-base:18.1.0] AndroidManifest.xml:21:19-78
61
62        <meta-data
62-->[com.google.android.gms:play-services-basement:18.1.0] AndroidManifest.xml:21:9-23:69
63            android:name="com.google.android.gms.version"
63-->[com.google.android.gms:play-services-basement:18.1.0] AndroidManifest.xml:22:13-58
64            android:value="@integer/google_play_services_version" />
64-->[com.google.android.gms:play-services-basement:18.1.0] AndroidManifest.xml:23:13-66
65
66        <provider
66-->[androidx.emoji2:emoji2:1.2.0] AndroidManifest.xml:24:9-32:20
67            android:name="androidx.startup.InitializationProvider"
67-->[androidx.emoji2:emoji2:1.2.0] AndroidManifest.xml:25:13-67
68            android:authorities="com.system.surveillance.androidx-startup"
68-->[androidx.emoji2:emoji2:1.2.0] AndroidManifest.xml:26:13-68
69            android:exported="false" >
69-->[androidx.emoji2:emoji2:1.2.0] AndroidManifest.xml:27:13-37
70            <meta-data
70-->[androidx.emoji2:emoji2:1.2.0] AndroidManifest.xml:29:13-31:52
71                android:name="androidx.emoji2.text.EmojiCompatInitializer"
71-->[androidx.emoji2:emoji2:1.2.0] AndroidManifest.xml:30:17-75
72                android:value="androidx.startup" />
72-->[androidx.emoji2:emoji2:1.2.0] AndroidManifest.xml:31:17-49
73            <meta-data
73-->[io.github.jan-tennert.supabase:storage-kt-android-debug:3.1.4] AndroidManifest.xml:14:13-16:52
74                android:name="io.github.jan.supabase.storage.SupabaseInitializer"
74-->[io.github.jan-tennert.supabase:storage-kt-android-debug:3.1.4] AndroidManifest.xml:15:17-82
75                android:value="androidx.startup" />
75-->[io.github.jan-tennert.supabase:storage-kt-android-debug:3.1.4] AndroidManifest.xml:16:17-49
76            <meta-data
76-->[io.github.jan-tennert.supabase:auth-kt-android-debug:3.1.4] AndroidManifest.xml:14:13-16:52
77                android:name="io.github.jan.supabase.auth.SupabaseInitializer"
77-->[io.github.jan-tennert.supabase:auth-kt-android-debug:3.1.4] AndroidManifest.xml:15:17-79
78                android:value="androidx.startup" />
78-->[io.github.jan-tennert.supabase:auth-kt-android-debug:3.1.4] AndroidManifest.xml:16:17-49
79            <meta-data
79-->[com.russhwolf:multiplatform-settings-no-arg-android-debug:1.3.0] AndroidManifest.xml:29:13-31:52
80                android:name="com.russhwolf.settings.SettingsInitializer"
80-->[com.russhwolf:multiplatform-settings-no-arg-android-debug:1.3.0] AndroidManifest.xml:30:17-74
81                android:value="androidx.startup" />
81-->[com.russhwolf:multiplatform-settings-no-arg-android-debug:1.3.0] AndroidManifest.xml:31:17-49
82            <meta-data
82-->[androidx.lifecycle:lifecycle-process:2.5.1] AndroidManifest.xml:31:13-33:52
83                android:name="androidx.lifecycle.ProcessLifecycleInitializer"
83-->[androidx.lifecycle:lifecycle-process:2.5.1] AndroidManifest.xml:32:17-78
84                android:value="androidx.startup" />
84-->[androidx.lifecycle:lifecycle-process:2.5.1] AndroidManifest.xml:33:17-49
85        </provider>
86    </application>
87
88</manifest>